<?xml version="1.0" encoding="UTF-8"?>
<!-- Generated by org.testng.reporters.JUnitReportReporter -->
<testsuite hostname="GT0018" failures="0" tests="4" name="com.master.bulkscripts.DataProviderCarrierScript" time="0.000" errors="0" timestamp="2023-10-26T21:22:30 IST" skipped="4">
  <testcase classname="com.master.bulkscripts.DataProviderCarrierScript" name="ReadV" time="0.000">
    <skipped/>
  </testcase> <!-- ReadV -->
  <system-out/>
  <testcase classname="com.master.bulkscripts.DataProviderCarrierScript" name="ReadV" time="0.000">
    <skipped/>
  </testcase> <!-- ReadV -->
  <system-out/>
  <testcase classname="com.master.bulkscripts.DataProviderCarrierScript" name="ReadV" time="0.000">
    <skipped/>
  </testcase> <!-- ReadV -->
  <system-out/>
  <testcase classname="com.master.bulkscripts.DataProviderCarrierScript" name="ReadV" time="0.000">
    <skipped/>
  </testcase> <!-- ReadV -->
  <system-out/>
</testsuite> <!-- com.master.bulkscripts.DataProviderCarrierScript -->
