<?xml version="1.0" encoding="UTF-8"?>
<!-- Generated by org.testng.reporters.JUnitReportReporter -->
<testsuite hostname="GT0018" failures="0" tests="1" name="com.master.testscripts.PartnerScript" time="99.966" errors="0" timestamp="2023-11-29T14:43:56 IST" skipped="0">
  <testcase classname="com.master.testscripts.PartnerScript" name="PartnerCreate" time="99.966"/>
  <system-out/>
</testsuite> <!-- com.master.testscripts.PartnerScript -->
