<?xml version="1.0" encoding="UTF-8"?>
<!-- Generated by org.testng.reporters.JUnitReportReporter -->
<testsuite hostname="GT0018" failures="0" tests="1" name="com.master.testscripts.CfsScript" time="0.000" errors="0" timestamp="2023-11-29T14:25:29 IST" skipped="1">
  <testcase classname="com.master.testscripts.CfsScript" name="Add" time="0.000">
    <skipped/>
  </testcase> <!-- Add -->
  <system-out/>
</testsuite> <!-- com.master.testscripts.CfsScript -->
