<?xml version="1.0" encoding="UTF-8"?>
<!-- Generated by org.testng.reporters.JUnitReportReporter -->
<testsuite hostname="GT0018" failures="0" tests="2" name="com.mlmasters.testscripts.MlTestScripts" time="40.465" errors="0" timestamp="2023-04-11T12:10:00 IST" skipped="0">
  <testcase classname="com.mlmasters.testscripts.MlTestScripts" name="caRrierCreation" time="22.101"/>
  <system-out/>
  <testcase classname="com.mlmasters.testscripts.MlTestScripts" name="roLECreations" time="18.364"/>
  <system-out/>
</testsuite> <!-- com.mlmasters.testscripts.MlTestScripts -->
