<?xml version="1.0" encoding="UTF-8"?>
<!-- Generated by org.testng.reporters.JUnitReportReporter -->
<testsuite hostname="GT0018" failures="0" tests="1" name="com.master.testscripts.EmptyYardScript" time="0.001" errors="0" timestamp="2023-11-29T14:25:29 IST" skipped="1">
  <testcase classname="com.master.testscripts.EmptyYardScript" name="emptyYardCreate" time="0.001">
    <skipped/>
  </testcase> <!-- emptyYardCreate -->
  <system-out/>
</testsuite> <!-- com.master.testscripts.EmptyYardScript -->
