<?xml version="1.0" encoding="UTF-8"?>
<!-- Generated by org.testng.reporters.JUnitReportReporter -->
<testsuite hostname="GT0018" failures="0" tests="1" name="com.mlmasters.testscripts.RolesScript" time="17.656" errors="0" timestamp="2023-04-11T14:00:03 IST" skipped="0">
  <testcase classname="com.mlmasters.testscripts.RolesScript" name="roLECreations" time="17.656"/>
  <system-out/>
</testsuite> <!-- com.mlmasters.testscripts.RolesScript -->
